<?xml version="1.0" encoding="UTF-8"?>
<!-- Generated by org.testng.reporters.JUnitReportReporter -->
<testsuite skipped="0" hostname="DESKTOP-F9F3RB6" name="testcases.TC005_DuplicateLead" tests="2" failures="0" timestamp="2020-01-05T11:40:24 IST" time="45.690" errors="0">
  <testcase name="tc002_duplicateLead" time="22.551" classname="testcases.TC005_DuplicateLead"/>
  <testcase name="tc002_duplicateLead" time="23.139" classname="testcases.TC005_DuplicateLead"/>
</testsuite> <!-- testcases.TC005_DuplicateLead -->
