<?xml version="1.0" encoding="UTF-8"?>
<!-- Generated by org.testng.reporters.JUnitReportReporter -->
<testsuite skipped="0" hostname="DESKTOP-F9F3RB6" name="testcases.TC002_DeleteLead" tests="1" failures="0" timestamp="2020-01-03T22:28:50 IST" time="21.295" errors="0">
  <testcase name="tc002_deleteLead" time="21.295" classname="testcases.TC002_DeleteLead"/>
</testsuite> <!-- testcases.TC002_DeleteLead -->
