<?xml version="1.0" encoding="UTF-8"?>
<!-- Generated by org.testng.reporters.JUnitReportReporter -->
<testsuite skipped="0" hostname="DESKTOP-F9F3RB6" name="testcases.TC004_MergeLead" tests="1" failures="0" timestamp="2020-01-03T22:30:31 IST" time="29.943" errors="0">
  <testcase name="tc002_deleteLead" time="29.943" classname="testcases.TC004_MergeLead"/>
</testsuite> <!-- testcases.TC004_MergeLead -->
