<?xml version="1.0" encoding="UTF-8"?>
<!-- Generated by org.testng.reporters.JUnitReportReporter -->
<testsuite skipped="0" hostname="DESKTOP-F9F3RB6" name="testcases.TC001_CreateLead" tests="19" failures="0" timestamp="2020-01-05T11:36:09 IST" time="309.536" errors="0">
  <testcase name="tc001_createLead" time="16.672" classname="testcases.TC001_CreateLead"/>
  <testcase name="tc001_createLead" time="19.444" classname="testcases.TC001_CreateLead"/>
  <testcase name="tc001_createLead" time="15.854" classname="testcases.TC001_CreateLead"/>
  <testcase name="tc001_createLead" time="15.679" classname="testcases.TC001_CreateLead"/>
  <testcase name="tc001_createLead" time="15.683" classname="testcases.TC001_CreateLead"/>
  <testcase name="tc001_createLead" time="15.572" classname="testcases.TC001_CreateLead"/>
  <testcase name="tc001_createLead" time="15.675" classname="testcases.TC001_CreateLead"/>
  <testcase name="tc001_createLead" time="15.414" classname="testcases.TC001_CreateLead"/>
  <testcase name="tc001_createLead" time="16.708" classname="testcases.TC001_CreateLead"/>
  <testcase name="tc001_createLead" time="15.282" classname="testcases.TC001_CreateLead"/>
  <testcase name="tc001_createLead" time="16.021" classname="testcases.TC001_CreateLead"/>
  <testcase name="tc001_createLead" time="15.600" classname="testcases.TC001_CreateLead"/>
  <testcase name="tc001_createLead" time="19.148" classname="testcases.TC001_CreateLead"/>
  <testcase name="tc001_createLead" time="17.316" classname="testcases.TC001_CreateLead"/>
  <testcase name="tc001_createLead" time="16.235" classname="testcases.TC001_CreateLead"/>
  <testcase name="tc001_createLead" time="15.720" classname="testcases.TC001_CreateLead"/>
  <testcase name="tc001_createLead" time="15.548" classname="testcases.TC001_CreateLead"/>
  <testcase name="tc001_createLead" time="15.532" classname="testcases.TC001_CreateLead"/>
  <testcase name="tc001_createLead" time="16.433" classname="testcases.TC001_CreateLead"/>
</testsuite> <!-- testcases.TC001_CreateLead -->
