<?xml version="1.0" encoding="UTF-8"?>
<!-- Generated by org.testng.reporters.JUnitReportReporter -->
<testsuite skipped="0" hostname="DESKTOP-F9F3RB6" name="testcases.TC003_EditLead" tests="1" failures="0" timestamp="2020-01-04T19:24:18 IST" time="23.791" errors="0">
  <testcase name="tc002_editLead" time="23.791" classname="testcases.TC003_EditLead"/>
</testsuite> <!-- testcases.TC003_EditLead -->
