<?xml version="1.0" encoding="UTF-8"?>
<!-- Generated by org.testng.reporters.JUnitReportReporter -->
<testsuite skipped="0" hostname="DESKTOP-F9F3RB6" name="testcases.TC001_LoginLogout" tests="1" failures="0" timestamp="2019-12-29T12:15:35 IST" time="16.413" errors="0">
  <testcase name="tc001_loginLogout" time="16.413" classname="testcases.TC001_LoginLogout"/>
</testsuite> <!-- testcases.TC001_LoginLogout -->
